<?xml version="1.0" encoding="UTF-8"?>
<!-- Generated by org.testng.reporters.JUnitXMLReporter -->
<testsuite hostname="DESKTOP-OC4AKGR" ignored="0" name="Default test" tests="6" failures="0" timestamp="2020-08-21T21:23:12 CEST" time="65.907" errors="0">
  <testcase name="Testone" time="13.417" classname="com.testcases.Logintest"/>
  <testcase name="Testone" time="10.859" classname="com.testcases.Logintest"/>
  <testcase name="Testone" time="10.824" classname="com.testcases.Logintest"/>
  <testcase name="Testone" time="9.818" classname="com.testcases.Logintest"/>
  <testcase name="Testone" time="10.147" classname="com.testcases.Logintest"/>
  <testcase name="Testone" time="9.616" classname="com.testcases.Logintest"/>
</testsuite> <!-- Default test -->
